2025-04-18 21:18:24,737 - apscheduler.scheduler - INFO - Added job "update_data" to job store "default"
2025-04-18 21:18:24,737 - apscheduler.scheduler - INFO - Added job "update_dates" to job store "default"
2025-04-18 21:18:24,737 - apscheduler.scheduler - INFO - Scheduler started
2025-04-18 21:18:24,738 - aiogram.dispatcher - INFO - Start polling
2025-04-18 21:18:24,993 - aiogram.dispatcher - INFO - Run polling for bot @lic_int_menu_bot id=8074257895 - 'Меню лицей-интернат'
2025-04-18 21:18:29,146 - aiogram.dispatcher - ERROR - Failed to fetch updates - TelegramConflictError: Telegram server says - Conflict: terminated by other getUpdates request; make sure that only one bot instance is running
2025-04-18 21:18:29,146 - aiogram.dispatcher - WARNING - Sleep for 1.000000 seconds and try again... (tryings = 0, bot id = 8074257895)
2025-04-18 21:18:34,456 - aiogram.dispatcher - ERROR - Failed to fetch updates - TelegramConflictError: Telegram server says - Conflict: terminated by other getUpdates request; make sure that only one bot instance is running
2025-04-18 21:18:34,456 - aiogram.dispatcher - WARNING - Sleep for 1.222068 seconds and try again... (tryings = 1, bot id = 8074257895)
2025-04-18 21:18:40,238 - aiogram.dispatcher - ERROR - Failed to fetch updates - TelegramConflictError: Telegram server says - Conflict: terminated by other getUpdates request; make sure that only one bot instance is running
2025-04-18 21:18:40,238 - aiogram.dispatcher - WARNING - Sleep for 1.702416 seconds and try again... (tryings = 2, bot id = 8074257895)
2025-04-18 21:18:42,750 - aiogram.dispatcher - INFO - Polling stopped
2025-04-18 21:18:43,014 - aiogram.dispatcher - INFO - Polling stopped for bot @lic_int_menu_bot id=8074257895 - 'Меню лицей-интернат'
2025-06-08 12:33:14,794 - apscheduler.scheduler - INFO - Added job "update_data" to job store "default"
2025-06-08 12:33:14,795 - apscheduler.scheduler - INFO - Added job "update_dates" to job store "default"
2025-06-08 12:33:14,796 - apscheduler.scheduler - INFO - Scheduler started
2025-06-08 12:33:14,796 - aiogram.dispatcher - INFO - Start polling
2025-06-08 12:33:15,162 - aiogram.dispatcher - INFO - Run polling for bot @lic_int_menu_bot id=8074257895 - 'Меню лицей-интернат'
2025-06-08 12:33:22,286 - apscheduler.scheduler - INFO - Adding job tentatively -- it will be properly scheduled when the scheduler starts
2025-06-08 12:33:22,286 - apscheduler.scheduler - INFO - Added job "change_message" to job store "default"
2025-06-08 12:33:22,286 - apscheduler.scheduler - INFO - Scheduler started
2025-06-08 12:33:22,286 - aiogram.event - INFO - Update id=910289734 is handled. Duration 422 ms by bot id=8074257895
2025-06-22 11:45:58,777 - apscheduler.scheduler - INFO - Added job "update_data" to job store "default"
2025-06-22 11:45:58,777 - apscheduler.scheduler - INFO - Added job "update_dates" to job store "default"
2025-06-22 11:45:58,778 - apscheduler.scheduler - INFO - Scheduler started
2025-06-22 11:45:58,778 - aiogram.dispatcher - INFO - Start polling
2025-06-22 11:45:59,035 - aiogram.dispatcher - INFO - Run polling for bot @lic_int_menu_bot id=8074257895 - 'Меню лицей-интернат'
2025-06-22 11:46:12,697 - apscheduler.scheduler - INFO - Adding job tentatively -- it will be properly scheduled when the scheduler starts
2025-06-22 11:46:12,698 - apscheduler.scheduler - INFO - Added job "change_message" to job store "default"
2025-06-22 11:46:12,698 - apscheduler.scheduler - INFO - Scheduler started
2025-06-22 11:46:12,698 - aiogram.event - INFO - Update id=910289735 is handled. Duration 438 ms by bot id=8074257895
2025-06-22 11:46:15,342 - apscheduler.scheduler - INFO - Added job "change_message" to job store "default"
2025-06-22 11:46:15,342 - aiogram.event - INFO - Update id=910289736 is handled. Duration 311 ms by bot id=8074257895
2025-06-22 11:51:43,907 - aiogram.dispatcher - INFO - Polling stopped
2025-06-22 11:51:44,169 - aiogram.dispatcher - INFO - Polling stopped for bot @lic_int_menu_bot id=8074257895 - 'Меню лицей-интернат'
2025-06-22 17:47:36,396 - apscheduler.scheduler - INFO - Added job "update_data" to job store "default"
2025-06-22 17:47:36,396 - apscheduler.scheduler - INFO - Added job "update_dates" to job store "default"
2025-06-22 17:47:36,397 - apscheduler.scheduler - INFO - Scheduler started
2025-06-22 17:47:36,397 - aiogram.dispatcher - INFO - Start polling
2025-06-22 17:47:36,617 - aiogram.dispatcher - INFO - Run polling for bot @lic_int_menu_bot id=8074257895 - 'Меню лицей-интернат'
2025-06-22 18:00:24,678 - aiogram.dispatcher - INFO - Polling stopped
2025-06-22 18:00:24,936 - aiogram.dispatcher - INFO - Polling stopped for bot @lic_int_menu_bot id=8074257895 - 'Меню лицей-интернат'
